<?xml version="1.0" encoding="UTF-8"?>
<!-- Generated by org.testng.reporters.JUnitXMLReporter -->
<testsuite ignored="0" hostname="LAPTOP-S80L74PF" failures="0" tests="17" name="All Tests" time="85.727" errors="0" timestamp="2026-04-20T19:41:21 IST">
  <testcase classname="tests.ProductSearchTest" name="verifyCategoryNavigation" time="1.611"/>
  <testcase classname="tests.ProductSearchTest" name="verifyNoResultsMessage" time="1.233"/>
  <testcase classname="tests.AuthTest" name="login" time="7.223"/>
  <testcase classname="tests.ProductSearchTest" name="verifyProductDetailsPage" time="3.431"/>
  <testcase classname="tests.ProductSearchTest" name="verifySearchResultsDisplayed" time="1.417"/>
  <testcase classname="tests.AuthTest" name="login" time="7.092"/>
  <testcase classname="tests.CartTest" name="verifyAddToCart" time="4.022"/>
  <testcase classname="tests.AuthTest" name="verifyLogout" time="2.472"/>
  <testcase classname="tests.CartTest" name="verifyCartIconCount" time="3.215"/>
  <testcase classname="tests.AuthTest" name="verifyRegistration" time="3.987"/>
  <testcase classname="tests.CartTest" name="verifyRemoveProduct" time="4.914"/>
  <testcase classname="tests.CheckoutTest" name="verifyCheckoutWithoutLogin" time="5.142"/>
  <testcase classname="tests.CartTest" name="verifyUpdateQuantity" time="4.464"/>
  <testcase classname="tests.FormValidationsTest" name="verifyCheckoutMissingAddressFields" time="7.926"/>
  <testcase classname="tests.FormValidationsTest" name="verifyEmptyRegistrationForm" time="3.438"/>
  <testcase classname="tests.FormValidationsTest" name="verifyInvalidEmailFormat" time="1.798"/>
  <testcase classname="tests.CheckoutTest" name="verifyCompleteCheckoutFlow" time="34.013"/>
</testsuite> <!-- All Tests -->
