<?xml version="1.0" encoding="UTF-8"?>
<!-- Generated by org.testng.reporters.JUnitXMLReporter -->
<testsuite ignored="3" hostname="LAPTOP-S80L74PF" failures="0" tests="1" name="Default test" time="6.063" errors="0" timestamp="2026-04-20T19:15:08 IST">
  <testcase classname="tests.ProductSearchTest" name="verifySearchResultsDisplayed" time="0.656"/>
  <testcase classname="tests.ProductSearchTest" name="verifyNoResultsMessage" time="0.0">
    <ignored/>
  </testcase> <!-- verifyNoResultsMessage -->
  <testcase classname="tests.ProductSearchTest" name="verifyCategoryNavigation" time="0.0">
    <ignored/>
  </testcase> <!-- verifyCategoryNavigation -->
  <testcase classname="tests.ProductSearchTest" name="verifyProductDetailsPage" time="0.0">
    <ignored/>
  </testcase> <!-- verifyProductDetailsPage -->
</testsuite> <!-- Default test -->
