<?xml version="1.0" encoding="UTF-8"?>
<testng-results ignored="0" total="17" passed="17" failed="0" skipped="0">
  <reporter-output>
  </reporter-output>
  <suite started-at="2026-04-20T19:39:55 IST" name="Automation Suite" finished-at="2026-04-20T19:41:20 IST" duration-ms="85727">
    <groups>
    </groups>
    <test started-at="2026-04-20T19:39:55 IST" name="All Tests" finished-at="2026-04-20T19:41:20 IST" duration-ms="85727">
      <class name="tests.AuthTest">
        <test-method is-config="true" signature="setUp()[pri:0, instance:tests.AuthTest@4fb61f4a]" started-at="2026-04-20T19:39:57 IST" name="setUp" finished-at="2026-04-20T19:40:04 IST" duration-ms="6788" status="PASS">
          <reporter-output>
          </reporter-output>
        </test-method> <!-- setUp -->
        <test-method signature="login(java.lang.String,java.lang.String,java.lang.String)[pri:0, instance:tests.AuthTest@4fb61f4a]" started-at="2026-04-20T19:40:04 IST" name="login" data-provider="LoginData" finished-at="2026-04-20T19:40:11 IST" duration-ms="7223" status="PASS">
          <params>
            <param index="0">
              <value>
                <![CDATA[vaishnaviperumalla@gmail.com]]>
              </value>
            </param>
            <param index="1">
              <value>
                <![CDATA[Password123]]>
              </value>
            </param>
            <param index="2">
              <value>
                <![CDATA[success]]>
              </value>
            </param>
          </params>
          <reporter-output>
          </reporter-output>
        </test-method> <!-- login -->
        <test-method is-config="true" signature="tearDown()[pri:0, instance:tests.AuthTest@4fb61f4a]" started-at="2026-04-20T19:40:11 IST" name="tearDown" finished-at="2026-04-20T19:40:12 IST" duration-ms="1077" status="PASS">
          <reporter-output>
          </reporter-output>
        </test-method> <!-- tearDown -->
        <test-method is-config="true" signature="setUp()[pri:0, instance:tests.AuthTest@4fb61f4a]" started-at="2026-04-20T19:40:12 IST" name="setUp" finished-at="2026-04-20T19:40:15 IST" duration-ms="2423" status="PASS">
          <reporter-output>
          </reporter-output>
        </test-method> <!-- setUp -->
        <test-method signature="login(java.lang.String,java.lang.String,java.lang.String)[pri:0, instance:tests.AuthTest@4fb61f4a]" started-at="2026-04-20T19:40:15 IST" name="login" data-provider="LoginData" finished-at="2026-04-20T19:40:22 IST" duration-ms="7092" status="PASS">
          <params>
            <param index="0">
              <value>
                <![CDATA[wrongName@test.com]]>
              </value>
            </param>
            <param index="1">
              <value>
                <![CDATA[wrong123]]>
              </value>
            </param>
            <param index="2">
              <value>
                <![CDATA[failure]]>
              </value>
            </param>
          </params>
          <reporter-output>
          </reporter-output>
        </test-method> <!-- login -->
        <test-method is-config="true" signature="tearDown()[pri:0, instance:tests.AuthTest@4fb61f4a]" started-at="2026-04-20T19:40:22 IST" name="tearDown" finished-at="2026-04-20T19:40:22 IST" duration-ms="533" status="PASS">
          <reporter-output>
          </reporter-output>
        </test-method> <!-- tearDown -->
        <test-method is-config="true" signature="setUp()[pri:0, instance:tests.AuthTest@4fb61f4a]" started-at="2026-04-20T19:40:22 IST" name="setUp" finished-at="2026-04-20T19:40:25 IST" duration-ms="2460" status="PASS">
          <reporter-output>
          </reporter-output>
        </test-method> <!-- setUp -->
        <test-method signature="verifyLogout()[pri:0, instance:tests.AuthTest@4fb61f4a]" started-at="2026-04-20T19:40:25 IST" name="verifyLogout" finished-at="2026-04-20T19:40:27 IST" duration-ms="2472" status="PASS">
          <reporter-output>
          </reporter-output>
        </test-method> <!-- verifyLogout -->
        <test-method is-config="true" signature="tearDown()[pri:0, instance:tests.AuthTest@4fb61f4a]" started-at="2026-04-20T19:40:27 IST" name="tearDown" finished-at="2026-04-20T19:40:28 IST" duration-ms="636" status="PASS">
          <reporter-output>
          </reporter-output>
        </test-method> <!-- tearDown -->
        <test-method is-config="true" signature="setUp()[pri:0, instance:tests.AuthTest@4fb61f4a]" started-at="2026-04-20T19:40:28 IST" name="setUp" finished-at="2026-04-20T19:40:31 IST" duration-ms="3335" status="PASS">
          <reporter-output>
          </reporter-output>
        </test-method> <!-- setUp -->
        <test-method signature="verifyRegistration()[pri:0, instance:tests.AuthTest@4fb61f4a]" started-at="2026-04-20T19:40:31 IST" name="verifyRegistration" finished-at="2026-04-20T19:40:35 IST" duration-ms="3987" status="PASS">
          <reporter-output>
          </reporter-output>
        </test-method> <!-- verifyRegistration -->
        <test-method is-config="true" signature="tearDown()[pri:0, instance:tests.AuthTest@4fb61f4a]" started-at="2026-04-20T19:40:35 IST" name="tearDown" finished-at="2026-04-20T19:40:36 IST" duration-ms="788" status="PASS">
          <reporter-output>
          </reporter-output>
        </test-method> <!-- tearDown -->
      </class> <!-- tests.AuthTest -->
      <class name="tests.CartTest">
        <test-method is-config="true" signature="setUp()[pri:0, instance:tests.CartTest@c8c12ac]" started-at="2026-04-20T19:40:21 IST" name="setUp" finished-at="2026-04-20T19:40:23 IST" duration-ms="2048" status="PASS">
          <reporter-output>
          </reporter-output>
        </test-method> <!-- setUp -->
        <test-method signature="verifyAddToCart()[pri:0, instance:tests.CartTest@c8c12ac]" started-at="2026-04-20T19:40:23 IST" name="verifyAddToCart" finished-at="2026-04-20T19:40:27 IST" duration-ms="4022" status="PASS">
          <reporter-output>
          </reporter-output>
        </test-method> <!-- verifyAddToCart -->
        <test-method is-config="true" signature="tearDown()[pri:0, instance:tests.CartTest@c8c12ac]" started-at="2026-04-20T19:40:27 IST" name="tearDown" finished-at="2026-04-20T19:40:27 IST" duration-ms="264" status="PASS">
          <reporter-output>
          </reporter-output>
        </test-method> <!-- tearDown -->
        <test-method is-config="true" signature="setUp()[pri:0, instance:tests.CartTest@c8c12ac]" started-at="2026-04-20T19:40:27 IST" name="setUp" finished-at="2026-04-20T19:40:31 IST" duration-ms="4141" status="PASS">
          <reporter-output>
          </reporter-output>
        </test-method> <!-- setUp -->
        <test-method signature="verifyCartIconCount()[pri:0, instance:tests.CartTest@c8c12ac]" started-at="2026-04-20T19:40:31 IST" name="verifyCartIconCount" finished-at="2026-04-20T19:40:34 IST" duration-ms="3215" status="PASS">
          <reporter-output>
          </reporter-output>
        </test-method> <!-- verifyCartIconCount -->
        <test-method is-config="true" signature="tearDown()[pri:0, instance:tests.CartTest@c8c12ac]" started-at="2026-04-20T19:40:34 IST" name="tearDown" finished-at="2026-04-20T19:40:35 IST" duration-ms="256" status="PASS">
          <reporter-output>
          </reporter-output>
        </test-method> <!-- tearDown -->
        <test-method is-config="true" signature="setUp()[pri:0, instance:tests.CartTest@c8c12ac]" started-at="2026-04-20T19:40:35 IST" name="setUp" finished-at="2026-04-20T19:40:37 IST" duration-ms="2357" status="PASS">
          <reporter-output>
          </reporter-output>
        </test-method> <!-- setUp -->
        <test-method signature="verifyRemoveProduct()[pri:0, instance:tests.CartTest@c8c12ac]" started-at="2026-04-20T19:40:37 IST" name="verifyRemoveProduct" finished-at="2026-04-20T19:40:42 IST" duration-ms="4914" status="PASS">
          <reporter-output>
          </reporter-output>
        </test-method> <!-- verifyRemoveProduct -->
        <test-method is-config="true" signature="tearDown()[pri:0, instance:tests.CartTest@c8c12ac]" started-at="2026-04-20T19:40:42 IST" name="tearDown" finished-at="2026-04-20T19:40:42 IST" duration-ms="306" status="PASS">
          <reporter-output>
          </reporter-output>
        </test-method> <!-- tearDown -->
        <test-method is-config="true" signature="setUp()[pri:0, instance:tests.CartTest@c8c12ac]" started-at="2026-04-20T19:40:42 IST" name="setUp" finished-at="2026-04-20T19:40:45 IST" duration-ms="2537" status="PASS">
          <reporter-output>
          </reporter-output>
        </test-method> <!-- setUp -->
        <test-method signature="verifyUpdateQuantity()[pri:0, instance:tests.CartTest@c8c12ac]" started-at="2026-04-20T19:40:45 IST" name="verifyUpdateQuantity" finished-at="2026-04-20T19:40:49 IST" duration-ms="4464" status="PASS">
          <reporter-output>
          </reporter-output>
        </test-method> <!-- verifyUpdateQuantity -->
        <test-method is-config="true" signature="tearDown()[pri:0, instance:tests.CartTest@c8c12ac]" started-at="2026-04-20T19:40:49 IST" name="tearDown" finished-at="2026-04-20T19:40:50 IST" duration-ms="301" status="PASS">
          <reporter-output>
          </reporter-output>
        </test-method> <!-- tearDown -->
      </class> <!-- tests.CartTest -->
      <class name="tests.FormValidationsTest">
        <test-method is-config="true" signature="setUp()[pri:0, instance:tests.FormValidationsTest@4550bb58]" started-at="2026-04-20T19:40:50 IST" name="setUp" finished-at="2026-04-20T19:40:52 IST" duration-ms="2301" status="PASS">
          <reporter-output>
          </reporter-output>
        </test-method> <!-- setUp -->
        <test-method signature="verifyCheckoutMissingAddressFields()[pri:0, instance:tests.FormValidationsTest@4550bb58]" started-at="2026-04-20T19:40:52 IST" name="verifyCheckoutMissingAddressFields" finished-at="2026-04-20T19:41:00 IST" duration-ms="7926" status="PASS">
          <reporter-output>
          </reporter-output>
        </test-method> <!-- verifyCheckoutMissingAddressFields -->
        <test-method is-config="true" signature="tearDown()[pri:0, instance:tests.FormValidationsTest@4550bb58]" started-at="2026-04-20T19:41:00 IST" name="tearDown" finished-at="2026-04-20T19:41:00 IST" duration-ms="480" status="PASS">
          <reporter-output>
          </reporter-output>
        </test-method> <!-- tearDown -->
        <test-method is-config="true" signature="setUp()[pri:0, instance:tests.FormValidationsTest@4550bb58]" started-at="2026-04-20T19:41:00 IST" name="setUp" finished-at="2026-04-20T19:41:03 IST" duration-ms="3189" status="PASS">
          <reporter-output>
          </reporter-output>
        </test-method> <!-- setUp -->
        <test-method signature="verifyEmptyRegistrationForm()[pri:0, instance:tests.FormValidationsTest@4550bb58]" started-at="2026-04-20T19:41:03 IST" name="verifyEmptyRegistrationForm" finished-at="2026-04-20T19:41:07 IST" duration-ms="3438" status="PASS">
          <reporter-output>
          </reporter-output>
        </test-method> <!-- verifyEmptyRegistrationForm -->
        <test-method is-config="true" signature="tearDown()[pri:0, instance:tests.FormValidationsTest@4550bb58]" started-at="2026-04-20T19:41:07 IST" name="tearDown" finished-at="2026-04-20T19:41:08 IST" duration-ms="865" status="PASS">
          <reporter-output>
          </reporter-output>
        </test-method> <!-- tearDown -->
        <test-method is-config="true" signature="setUp()[pri:0, instance:tests.FormValidationsTest@4550bb58]" started-at="2026-04-20T19:41:08 IST" name="setUp" finished-at="2026-04-20T19:41:15 IST" duration-ms="7581" status="PASS">
          <reporter-output>
          </reporter-output>
        </test-method> <!-- setUp -->
        <test-method signature="verifyInvalidEmailFormat()[pri:0, instance:tests.FormValidationsTest@4550bb58]" started-at="2026-04-20T19:41:15 IST" name="verifyInvalidEmailFormat" finished-at="2026-04-20T19:41:17 IST" duration-ms="1798" status="PASS">
          <reporter-output>
          </reporter-output>
        </test-method> <!-- verifyInvalidEmailFormat -->
        <test-method is-config="true" signature="tearDown()[pri:0, instance:tests.FormValidationsTest@4550bb58]" started-at="2026-04-20T19:41:17 IST" name="tearDown" finished-at="2026-04-20T19:41:17 IST" duration-ms="374" status="PASS">
          <reporter-output>
          </reporter-output>
        </test-method> <!-- tearDown -->
      </class> <!-- tests.FormValidationsTest -->
      <class name="tests.ProductSearchTest">
        <test-method is-config="true" signature="setUp()[pri:0, instance:tests.ProductSearchTest@1623b78d]" started-at="2026-04-20T19:39:55 IST" name="setUp" finished-at="2026-04-20T19:40:04 IST" duration-ms="8715" status="PASS">
          <reporter-output>
          </reporter-output>
        </test-method> <!-- setUp -->
        <test-method signature="verifyCategoryNavigation()[pri:0, instance:tests.ProductSearchTest@1623b78d]" started-at="2026-04-20T19:40:04 IST" name="verifyCategoryNavigation" finished-at="2026-04-20T19:40:05 IST" duration-ms="1611" status="PASS">
          <reporter-output>
          </reporter-output>
        </test-method> <!-- verifyCategoryNavigation -->
        <test-method is-config="true" signature="tearDown()[pri:0, instance:tests.ProductSearchTest@1623b78d]" started-at="2026-04-20T19:40:05 IST" name="tearDown" finished-at="2026-04-20T19:40:06 IST" duration-ms="321" status="PASS">
          <reporter-output>
          </reporter-output>
        </test-method> <!-- tearDown -->
        <test-method is-config="true" signature="setUp()[pri:0, instance:tests.ProductSearchTest@1623b78d]" started-at="2026-04-20T19:40:06 IST" name="setUp" finished-at="2026-04-20T19:40:09 IST" duration-ms="3047" status="PASS">
          <reporter-output>
          </reporter-output>
        </test-method> <!-- setUp -->
        <test-method signature="verifyNoResultsMessage()[pri:0, instance:tests.ProductSearchTest@1623b78d]" started-at="2026-04-20T19:40:09 IST" name="verifyNoResultsMessage" finished-at="2026-04-20T19:40:10 IST" duration-ms="1233" status="PASS">
          <reporter-output>
          </reporter-output>
        </test-method> <!-- verifyNoResultsMessage -->
        <test-method is-config="true" signature="tearDown()[pri:0, instance:tests.ProductSearchTest@1623b78d]" started-at="2026-04-20T19:40:10 IST" name="tearDown" finished-at="2026-04-20T19:40:10 IST" duration-ms="232" status="PASS">
          <reporter-output>
          </reporter-output>
        </test-method> <!-- tearDown -->
        <test-method is-config="true" signature="setUp()[pri:0, instance:tests.ProductSearchTest@1623b78d]" started-at="2026-04-20T19:40:10 IST" name="setUp" finished-at="2026-04-20T19:40:13 IST" duration-ms="2210" status="PASS">
          <reporter-output>
          </reporter-output>
        </test-method> <!-- setUp -->
        <test-method signature="verifyProductDetailsPage()[pri:0, instance:tests.ProductSearchTest@1623b78d]" started-at="2026-04-20T19:40:13 IST" name="verifyProductDetailsPage" finished-at="2026-04-20T19:40:16 IST" duration-ms="3431" status="PASS">
          <reporter-output>
          </reporter-output>
        </test-method> <!-- verifyProductDetailsPage -->
        <test-method is-config="true" signature="tearDown()[pri:0, instance:tests.ProductSearchTest@1623b78d]" started-at="2026-04-20T19:40:16 IST" name="tearDown" finished-at="2026-04-20T19:40:16 IST" duration-ms="369" status="PASS">
          <reporter-output>
          </reporter-output>
        </test-method> <!-- tearDown -->
        <test-method is-config="true" signature="setUp()[pri:0, instance:tests.ProductSearchTest@1623b78d]" started-at="2026-04-20T19:40:16 IST" name="setUp" finished-at="2026-04-20T19:40:19 IST" duration-ms="2703" status="PASS">
          <reporter-output>
          </reporter-output>
        </test-method> <!-- setUp -->
        <test-method signature="verifySearchResultsDisplayed()[pri:0, instance:tests.ProductSearchTest@1623b78d]" started-at="2026-04-20T19:40:19 IST" name="verifySearchResultsDisplayed" finished-at="2026-04-20T19:40:20 IST" duration-ms="1417" status="PASS">
          <reporter-output>
          </reporter-output>
        </test-method> <!-- verifySearchResultsDisplayed -->
        <test-method is-config="true" signature="tearDown()[pri:0, instance:tests.ProductSearchTest@1623b78d]" started-at="2026-04-20T19:40:20 IST" name="tearDown" finished-at="2026-04-20T19:40:21 IST" duration-ms="252" status="PASS">
          <reporter-output>
          </reporter-output>
        </test-method> <!-- tearDown -->
      </class> <!-- tests.ProductSearchTest -->
      <class name="tests.CheckoutTest">
        <test-method is-config="true" signature="setUp()[pri:0, instance:tests.CheckoutTest@6adbc9d]" started-at="2026-04-20T19:40:36 IST" name="setUp" finished-at="2026-04-20T19:40:38 IST" duration-ms="2423" status="PASS">
          <reporter-output>
          </reporter-output>
        </test-method> <!-- setUp -->
        <test-method signature="verifyCheckoutWithoutLogin()[pri:0, instance:tests.CheckoutTest@6adbc9d]" started-at="2026-04-20T19:40:38 IST" name="verifyCheckoutWithoutLogin" finished-at="2026-04-20T19:40:43 IST" duration-ms="5142" status="PASS">
          <reporter-output>
          </reporter-output>
        </test-method> <!-- verifyCheckoutWithoutLogin -->
        <test-method is-config="true" signature="tearDown()[pri:0, instance:tests.CheckoutTest@6adbc9d]" started-at="2026-04-20T19:40:43 IST" name="tearDown" finished-at="2026-04-20T19:40:44 IST" duration-ms="463" status="PASS">
          <reporter-output>
          </reporter-output>
        </test-method> <!-- tearDown -->
        <test-method is-config="true" signature="setUp()[pri:0, instance:tests.CheckoutTest@6adbc9d]" started-at="2026-04-20T19:40:44 IST" name="setUp" finished-at="2026-04-20T19:40:46 IST" duration-ms="2280" status="PASS">
          <reporter-output>
          </reporter-output>
        </test-method> <!-- setUp -->
        <test-method signature="verifyCompleteCheckoutFlow()[pri:0, instance:tests.CheckoutTest@6adbc9d]" started-at="2026-04-20T19:40:46 IST" name="verifyCompleteCheckoutFlow" finished-at="2026-04-20T19:41:20 IST" duration-ms="34013" status="PASS">
          <reporter-output>
          </reporter-output>
        </test-method> <!-- verifyCompleteCheckoutFlow -->
        <test-method is-config="true" signature="tearDown()[pri:0, instance:tests.CheckoutTest@6adbc9d]" started-at="2026-04-20T19:41:20 IST" name="tearDown" finished-at="2026-04-20T19:41:20 IST" duration-ms="277" status="PASS">
          <reporter-output>
          </reporter-output>
        </test-method> <!-- tearDown -->
      </class> <!-- tests.CheckoutTest -->
    </test> <!-- All Tests -->
  </suite> <!-- Automation Suite -->
</testng-results>
