<?xml version="1.0" encoding="UTF-8"?>
<!-- Generated by org.testng.reporters.JUnitXMLReporter -->
<testsuite ignored="0" hostname="LAPTOP-S80L74PF" failures="1" tests="20" name="All Tests" time="109.03" errors="0" timestamp="2026-04-20T19:01:04 IST">
  <testcase classname="tests.ProductSearchTest" name="verifyCategoryNavigation" time="1.446"/>
  <testcase classname="tests.AuthTest" name="login" time="3.353"/>
  <testcase classname="tests.ProductSearchTest" name="verifyNoResultsMessage" time="1.48"/>
  <testcase classname="tests.AuthTest" name="login" time="3.247"/>
  <testcase classname="tests.ProductSearchTest" name="verifyProductDetailsPage" time="1.799"/>
  <testcase classname="tests.ProductSearchTest" name="verifySearchResultsDisplayed" time="0.954"/>
  <testcase classname="tests.AuthTest" name="verifyLogout" time="4.8"/>
  <testcase classname="tests.CartTest" name="verifyAddToCart" time="3.82"/>
  <testcase classname="tests.AuthTest" name="verifyRegistration" time="4.951"/>
  <testcase classname="tests.CartTest" name="verifyCartIconCount" time="3.102">
    <skipped/>
  </testcase> <!-- verifyCartIconCount -->
  <testcase classname="tests.CartTest" name="verifyCartIconCount" time="2.223">
    <skipped/>
  </testcase> <!-- verifyCartIconCount -->
  <testcase classname="tests.CheckoutTest" name="verifyCheckoutWithoutLogin" time="5.016"/>
  <testcase classname="tests.CartTest" name="verifyCartIconCount" time="3.452">
    <failure type="java.lang.AssertionError" message="Cart count did not update expected [1 item(s) - $602.00] but found [0 item(s) - $0.00]">
      <![CDATA[java.lang.AssertionError: Cart count did not update expected [1 item(s) - $602.00] but found [0 item(s) - $0.00]
at tests.CartTest.verifyCartIconCount(CartTest.java:83)
at java.base/java.util.concurrent.Executors$RunnableAdapter.call(Executors.java:539)
at java.base/java.util.concurrent.FutureTask.run(FutureTask.java:264)
at java.base/java.util.concurrent.ThreadPoolExecutor.runWorker(ThreadPoolExecutor.java:1136)
at java.base/java.util.concurrent.ThreadPoolExecutor$Worker.run(ThreadPoolExecutor.java:635)
at java.base/java.lang.Thread.run(Thread.java:842)
... Removed 18 stack frames]]>
    </failure>
  </testcase> <!-- verifyCartIconCount -->
  <testcase classname="tests.CartTest" name="verifyRemoveProduct" time="5.212"/>
  <testcase classname="tests.CartTest" name="verifyUpdateQuantity" time="4.964"/>
  <testcase classname="tests.CheckoutTest" name="verifyCompleteCheckoutFlow" time="37.49"/>
  <testcase classname="tests.FormValidations" name="verifyCheckoutMissingAddressFields" time="16.024">
    <skipped/>
  </testcase> <!-- verifyCheckoutMissingAddressFields -->
  <testcase classname="tests.FormValidations" name="verifyCheckoutMissingAddressFields" time="6.988"/>
  <testcase classname="tests.FormValidations" name="verifyEmptyRegistrationForm" time="1.608"/>
  <testcase classname="tests.FormValidations" name="verifyInvalidEmailFormat" time="1.981"/>
</testsuite> <!-- All Tests -->
