<?xml version="1.0" encoding="UTF-8"?>
<testng-results ignored="0" total="1" passed="1" failed="0" skipped="0">
  <reporter-output>
  </reporter-output>
  <suite started-at="2026-04-20T19:15:02 IST" name="Default suite" finished-at="2026-04-20T19:15:08 IST" duration-ms="6063">
    <groups>
    </groups>
    <test started-at="2026-04-20T19:15:02 IST" name="Default test" finished-at="2026-04-20T19:15:08 IST" duration-ms="6063">
      <class name="tests.ProductSearchTest">
        <test-method is-config="true" signature="setUp()[pri:0, instance:tests.ProductSearchTest@5fe94a96]" started-at="2026-04-20T19:15:02 IST" name="setUp" finished-at="2026-04-20T19:15:07 IST" duration-ms="4913" status="PASS">
          <reporter-output>
          </reporter-output>
        </test-method> <!-- setUp -->
        <test-method signature="verifySearchResultsDisplayed()[pri:0, instance:tests.ProductSearchTest@5fe94a96]" started-at="2026-04-20T19:15:07 IST" name="verifySearchResultsDisplayed" finished-at="2026-04-20T19:15:07 IST" duration-ms="656" status="PASS">
          <reporter-output>
          </reporter-output>
        </test-method> <!-- verifySearchResultsDisplayed -->
        <test-method is-config="true" signature="tearDown()[pri:0, instance:tests.ProductSearchTest@5fe94a96]" started-at="2026-04-20T19:15:07 IST" name="tearDown" finished-at="2026-04-20T19:15:08 IST" duration-ms="430" status="PASS">
          <reporter-output>
          </reporter-output>
        </test-method> <!-- tearDown -->
      </class> <!-- tests.ProductSearchTest -->
    </test> <!-- Default test -->
  </suite> <!-- Default suite -->
</testng-results>
