<?xml version="1.0" encoding="UTF-8"?>
<!-- Generated by org.testng.reporters.JUnitReportReporter -->
<testsuite hostname="LAPTOP-S80L74PF" failures="0" tests="4" name="tests.FormValidations" time="46.426" errors="0" timestamp="2026-04-20T19:01:05 IST" skipped="1">
  <testcase classname="tests.FormValidations" name="verifyEmptyRegistrationForm" time="4.377"/>
  <testcase classname="tests.FormValidations" name="verifyCheckoutMissingAddressFields" time="9.389"/>
  <testcase classname="tests.FormValidations" name="verifyInvalidEmailFormat" time="14.644"/>
  <testcase classname="tests.FormValidations" name="verifyCheckoutMissingAddressFields" time="18.016">
    <skipped/>
  </testcase> <!-- verifyCheckoutMissingAddressFields -->
</testsuite> <!-- tests.FormValidations -->
