<?xml version="1.0" encoding="UTF-8"?>
<!-- Generated by org.testng.reporters.JUnitReportReporter -->
<testsuite hostname="LAPTOP-S80L74PF" failures="1" tests="6" name="tests.CartTest" time="40.461" errors="0" timestamp="2026-04-20T19:01:05 IST" skipped="2">
  <testcase classname="tests.CartTest" name="verifyUpdateQuantity" time="7.497"/>
  <testcase classname="tests.CartTest" name="verifyCartIconCount" time="6.962">
    <failure message="Cart count did not update expected [1 item(s) - $602.00] but found [0 item(s) - $0.00]" type="java.lang.AssertionError">
      <![CDATA[java.lang.AssertionError: Cart count did not update expected [1 item(s) - $602.00] but found [0 item(s) - $0.00]
at org.testng.Assert.fail(Assert.java:111)
at org.testng.Assert.failNotEquals(Assert.java:1578)
at org.testng.Assert.assertEqualsImpl(Assert.java:150)
at org.testng.Assert.assertEquals(Assert.java:132)
at org.testng.Assert.assertEquals(Assert.java:656)
at tests.CartTest.verifyCartIconCount(CartTest.java:83)
at java.base/jdk.internal.reflect.NativeMethodAccessorImpl.invoke0(Native Method)
at java.base/jdk.internal.reflect.NativeMethodAccessorImpl.invoke(NativeMethodAccessorImpl.java:77)
at java.base/jdk.internal.reflect.DelegatingMethodAccessorImpl.invoke(DelegatingMethodAccessorImpl.java:43)
at java.base/java.lang.reflect.Method.invoke(Method.java:568)
at org.testng.internal.invokers.MethodInvocationHelper.invokeMethod(MethodInvocationHelper.java:141)
at org.testng.internal.invokers.TestInvoker.invokeMethod(TestInvoker.java:686)
at org.testng.internal.invokers.TestInvoker.retryFailed(TestInvoker.java:269)
at org.testng.internal.invokers.MethodRunner.runInSequence(MethodRunner.java:76)
at org.testng.internal.invokers.TestInvoker$MethodInvocationAgent.invoke(TestInvoker.java:992)
at org.testng.internal.invokers.TestInvoker.invokeTestMethods(TestInvoker.java:203)
at org.testng.internal.invokers.TestMethodWorker.invokeTestMethods(TestMethodWorker.java:154)
at org.testng.internal.invokers.TestMethodWorker.run(TestMethodWorker.java:134)
at java.base/java.util.concurrent.Executors$RunnableAdapter.call(Executors.java:539)
at java.base/java.util.concurrent.FutureTask.run(FutureTask.java:264)
at org.testng.internal.thread.graph.TestNGFutureTask.run(TestNGFutureTask.java:22)
at java.base/java.util.concurrent.ThreadPoolExecutor.runWorker(ThreadPoolExecutor.java:1136)
at java.base/java.util.concurrent.ThreadPoolExecutor$Worker.run(ThreadPoolExecutor.java:635)
at java.base/java.lang.Thread.run(Thread.java:842)
]]>
    </failure>
  </testcase> <!-- verifyCartIconCount -->
  <testcase classname="tests.CartTest" name="verifyAddToCart" time="6.580"/>
  <testcase classname="tests.CartTest" name="verifyRemoveProduct" time="8.343"/>
  <testcase classname="tests.CartTest" name="verifyCartIconCount" time="6.252">
    <skipped/>
  </testcase> <!-- verifyCartIconCount -->
  <testcase classname="tests.CartTest" name="verifyCartIconCount" time="4.827">
    <skipped/>
  </testcase> <!-- verifyCartIconCount -->
</testsuite> <!-- tests.CartTest -->
