<?xml version="1.0" encoding="UTF-8"?>
<!-- Generated by org.testng.reporters.JUnitReportReporter -->
<testsuite hostname="LAPTOP-S80L74PF" failures="0" tests="4" name="tests.AuthTest" time="30.294" errors="0" timestamp="2026-04-20T19:01:05 IST" skipped="0">
  <testcase classname="tests.AuthTest" name="login" time="6.409"/>
  <testcase classname="tests.AuthTest" name="verifyLogout" time="7.485"/>
  <testcase classname="tests.AuthTest" name="login" time="6.096"/>
  <testcase classname="tests.AuthTest" name="verifyRegistration" time="10.304"/>
</testsuite> <!-- tests.AuthTest -->
