<?xml version="1.0" encoding="UTF-8"?>
<!-- Generated by org.testng.reporters.JUnitReportReporter -->
<testsuite hostname="LAPTOP-S80L74PF" failures="0" tests="4" name="tests.ProductSearchTest" time="25.541" errors="0" timestamp="2026-04-20T19:41:21 IST" skipped="0">
  <testcase classname="tests.ProductSearchTest" name="verifyNoResultsMessage" time="10.269"/>
  <testcase classname="tests.ProductSearchTest" name="verifySearchResultsDisplayed" time="3.859"/>
  <testcase classname="tests.ProductSearchTest" name="verifyProductDetailsPage" time="6.847"/>
  <testcase classname="tests.ProductSearchTest" name="verifyCategoryNavigation" time="4.566"/>
</testsuite> <!-- tests.ProductSearchTest -->
