<?xml version="1.0" encoding="UTF-8"?>
<!-- Generated by org.testng.reporters.JUnitReportReporter -->
<testsuite hostname="LAPTOP-S80L74PF" failures="0" tests="4" name="tests.CartTest" time="28.825" errors="0" timestamp="2026-04-20T19:41:21 IST" skipped="0">
  <testcase classname="tests.CartTest" name="verifyRemoveProduct" time="9.361"/>
  <testcase classname="tests.CartTest" name="verifyCartIconCount" time="5.828"/>
  <testcase classname="tests.CartTest" name="verifyUpdateQuantity" time="7.265"/>
  <testcase classname="tests.CartTest" name="verifyAddToCart" time="6.371"/>
</testsuite> <!-- tests.CartTest -->
