<?xml version="1.0" encoding="UTF-8"?>
<!-- Generated by org.testng.reporters.JUnitReportReporter -->
<testsuite hostname="LAPTOP-S80L74PF" failures="0" tests="4" name="tests.AuthTest" time="38.814" errors="0" timestamp="2026-04-20T19:41:21 IST" skipped="0">
  <testcase classname="tests.AuthTest" name="login" time="10.048"/>
  <testcase classname="tests.AuthTest" name="verifyRegistration" time="7.083"/>
  <testcase classname="tests.AuthTest" name="verifyLogout" time="10.337"/>
  <testcase classname="tests.AuthTest" name="login" time="11.346"/>
</testsuite> <!-- tests.AuthTest -->
