<?xml version="1.0" encoding="UTF-8"?>
<!-- Generated by org.testng.reporters.JUnitReportReporter -->
<testsuite hostname="LAPTOP-S80L74PF" failures="0" tests="3" name="tests.FormValidationsTest" time="27.952" errors="0" timestamp="2026-04-20T19:41:21 IST" skipped="0">
  <testcase classname="tests.FormValidationsTest" name="verifyInvalidEmailFormat" time="5.467"/>
  <testcase classname="tests.FormValidationsTest" name="verifyCheckoutMissingAddressFields" time="15.881"/>
  <testcase classname="tests.FormValidationsTest" name="verifyEmptyRegistrationForm" time="6.604"/>
</testsuite> <!-- tests.FormValidationsTest -->
